<?xml version="1.0" encoding="UTF-8"?>
<testng-results ignored="0" total="1" passed="1" failed="0" skipped="0">
  <reporter-output>
  </reporter-output>
  <suite started-at="2021-06-07T15:35:23 BRT" name="Default suite" finished-at="2021-06-07T15:35:30 BRT" duration-ms="6367">
    <groups>
    </groups>
    <test started-at="2021-06-07T15:35:23 BRT" name="Default test" finished-at="2021-06-07T15:35:30 BRT" duration-ms="6367">
      <class name="com.springselenium.automation.test.GoogleTest">
        <test-method is-config="true" signature="springTestContextBeforeTestClass()[pri:0, instance:com.springselenium.automation.test.GoogleTest@476b0ae6]" started-at="2021-06-07T15:35:23 BRT" name="springTestContextBeforeTestClass" finished-at="2021-06-07T15:35:23 BRT" duration-ms="8" status="PASS">
          <reporter-output>
          </reporter-output>
        </test-method> <!-- springTestContextBeforeTestClass -->
        <test-method is-config="true" signature="springTestContextPrepareTestInstance()[pri:0, instance:com.springselenium.automation.test.GoogleTest@476b0ae6]" started-at="2021-06-07T15:35:23 BRT" name="springTestContextPrepareTestInstance" finished-at="2021-06-07T15:35:28 BRT" depends-on-methods="org.springframework.test.context.testng.AbstractTestNGSpringContextTests.springTestContextBeforeTestClass" duration-ms="4762" status="PASS">
          <reporter-output>
          </reporter-output>
        </test-method> <!-- springTestContextPrepareTestInstance -->
        <test-method is-config="true" signature="springTestContextBeforeTestMethod(java.lang.reflect.Method)[pri:0, instance:com.springselenium.automation.test.GoogleTest@476b0ae6]" started-at="2021-06-07T15:35:28 BRT" name="springTestContextBeforeTestMethod" finished-at="2021-06-07T15:35:28 BRT" duration-ms="2" status="PASS">
          <params>
            <param index="0">
              <value>
                <![CDATA[public void com.springselenium.automation.test.GoogleTest.googleTest()]]>
              </value>
            </param>
          </params>
          <reporter-output>
          </reporter-output>
        </test-method> <!-- springTestContextBeforeTestMethod -->
        <test-method signature="googleTest()[pri:0, instance:com.springselenium.automation.test.GoogleTest@476b0ae6]" started-at="2021-06-07T15:35:28 BRT" name="googleTest" finished-at="2021-06-07T15:35:30 BRT" duration-ms="1570" status="PASS">
          <reporter-output>
          </reporter-output>
        </test-method> <!-- googleTest -->
        <test-method is-config="true" signature="springTestContextAfterTestMethod(java.lang.reflect.Method)[pri:0, instance:com.springselenium.automation.test.GoogleTest@476b0ae6]" started-at="2021-06-07T15:35:30 BRT" name="springTestContextAfterTestMethod" finished-at="2021-06-07T15:35:30 BRT" duration-ms="1" status="PASS">
          <params>
            <param index="0">
              <value>
                <![CDATA[public void com.springselenium.automation.test.GoogleTest.googleTest()]]>
              </value>
            </param>
          </params>
          <reporter-output>
          </reporter-output>
        </test-method> <!-- springTestContextAfterTestMethod -->
        <test-method is-config="true" signature="springTestContextAfterTestClass()[pri:0, instance:com.springselenium.automation.test.GoogleTest@476b0ae6]" started-at="2021-06-07T15:35:30 BRT" name="springTestContextAfterTestClass" finished-at="2021-06-07T15:35:30 BRT" duration-ms="0" status="PASS">
          <reporter-output>
          </reporter-output>
        </test-method> <!-- springTestContextAfterTestClass -->
      </class> <!-- com.springselenium.automation.test.GoogleTest -->
    </test> <!-- Default test -->
  </suite> <!-- Default suite -->
</testng-results>
